[2015-11-12 19:43:47] production.ERROR: exception 'InvalidArgumentException' with message 'There are no commands defined in the "make" namespace.' in /Users/river/Workspace/pay/vendor/symfony/console/Symfony/Component/Console/Application.php:516
Stack trace:
#0 /Users/river/Workspace/pay/vendor/symfony/console/Symfony/Component/Console/Application.php(550): Symfony\Component\Console\Application->findNamespace('make')
#1 /Users/river/Workspace/pay/vendor/symfony/console/Symfony/Component/Console/Application.php(190): Symfony\Component\Console\Application->find('make:console')
#2 /Users/river/Workspace/pay/vendor/symfony/console/Symfony/Component/Console/Application.php(124): Symfony\Component\Console\Application->doRun(Object(Symfony\Component\Console\Input\ArgvInput), Object(Symfony\Component\Console\Output\ConsoleOutput))
#3 /Users/river/Workspace/pay/artisan(59): Symfony\Component\Console\Application->run()
#4 {main} [] []
[2015-11-12 19:44:11] local.ERROR: exception 'PDOException' with message 'SQLSTATE[HY000] [2002] No such file or directory' in /Users/river/Workspace/pay/vendor/laravel/framework/src/Illuminate/Database/Connectors/Connector.php:47
Stack trace:
#0 /Users/river/Workspace/pay/vendor/laravel/framework/src/Illuminate/Database/Connectors/Connector.php(47): PDO->__construct('mysql:host=loca...', 'homestead', 'secret', Array)
#1 /Users/river/Workspace/pay/vendor/laravel/framework/src/Illuminate/Database/Connectors/MySqlConnector.php(20): Illuminate\Database\Connectors\Connector->createConnection('mysql:host=loca...', Array, Array)
#2 /Users/river/Workspace/pay/vendor/laravel/framework/src/Illuminate/Database/Connectors/ConnectionFactory.php(57): Illuminate\Database\Connectors\MySqlConnector->connect(Array)
#3 /Users/river/Workspace/pay/vendor/laravel/framework/src/Illuminate/Database/Connectors/ConnectionFactory.php(46): Illuminate\Database\Connectors\ConnectionFactory->createSingleConnection(Array)
#4 /Users/river/Workspace/pay/vendor/laravel/framework/src/Illuminate/Database/DatabaseManager.php(176): Illuminate\Database\Connectors\ConnectionFactory->make(Array, 'mysql')
#5 /Users/river/Workspace/pay/vendor/laravel/framework/src/Illuminate/Database/DatabaseManager.php(64): Illuminate\Database\DatabaseManager->makeConnection('mysql')
#6 /Users/river/Workspace/pay/vendor/laravel/framework/src/Illuminate/Database/Migrations/DatabaseMigrationRepository.php(167): Illuminate\Database\DatabaseManager->connection(NULL)
#7 /Users/river/Workspace/pay/vendor/laravel/framework/src/Illuminate/Database/Migrations/DatabaseMigrationRepository.php(135): Illuminate\Database\Migrations\DatabaseMigrationRepository->getConnection()
#8 /Users/river/Workspace/pay/vendor/laravel/framework/src/Illuminate/Database/Migrations/Migrator.php(371): Illuminate\Database\Migrations\DatabaseMigrationRepository->repositoryExists()
#9 /Users/river/Workspace/pay/vendor/laravel/framework/src/Illuminate/Database/Console/Migrations/MigrateCommand.php(98): Illuminate\Database\Migrations\Migrator->repositoryExists()
#10 /Users/river/Workspace/pay/vendor/laravel/framework/src/Illuminate/Database/Console/Migrations/MigrateCommand.php(61): Illuminate\Database\Console\Migrations\MigrateCommand->prepareDatabase()
#11 /Users/river/Workspace/pay/vendor/laravel/framework/src/Illuminate/Console/Command.php(112): Illuminate\Database\Console\Migrations\MigrateCommand->fire()
#12 /Users/river/Workspace/pay/vendor/symfony/console/Symfony/Component/Console/Command/Command.php(253): Illuminate\Console\Command->execute(Object(Symfony\Component\Console\Input\ArgvInput), Object(Symfony\Component\Console\Output\ConsoleOutput))
#13 /Users/river/Workspace/pay/vendor/laravel/framework/src/Illuminate/Console/Command.php(100): Symfony\Component\Console\Command\Command->run(Object(Symfony\Component\Console\Input\ArgvInput), Object(Symfony\Component\Console\Output\ConsoleOutput))
#14 /Users/river/Workspace/pay/vendor/symfony/console/Symfony/Component/Console/Application.php(889): Illuminate\Console\Command->run(Object(Symfony\Component\Console\Input\ArgvInput), Object(Symfony\Component\Console\Output\ConsoleOutput))
#15 /Users/river/Workspace/pay/vendor/symfony/console/Symfony/Component/Console/Application.php(193): Symfony\Component\Console\Application->doRunCommand(Object(Illuminate\Database\Console\Migrations\MigrateCommand), Object(Symfony\Component\Console\Input\ArgvInput), Object(Symfony\Component\Console\Output\ConsoleOutput))
#16 /Users/river/Workspace/pay/vendor/symfony/console/Symfony/Component/Console/Application.php(124): Symfony\Component\Console\Application->doRun(Object(Symfony\Component\Console\Input\ArgvInput), Object(Symfony\Component\Console\Output\ConsoleOutput))
#17 /Users/river/Workspace/pay/artisan(59): Symfony\Component\Console\Application->run()
#18 {main} [] []
[2015-11-12 19:52:13] production.ERROR: exception 'ErrorException' with message 'file_put_contents(/Users/river/Workspace/pay/app/commands/FooCommand.php): failed to open stream: No such file or directory' in /Users/river/Workspace/pay/vendor/laravel/framework/src/Illuminate/Filesystem/Filesystem.php:70
Stack trace:
#0 [internal function]: Illuminate\Exception\Handler->handleError(2, 'file_put_conten...', '/Users/river/Wo...', 70, Array)
#1 /Users/river/Workspace/pay/vendor/laravel/framework/src/Illuminate/Filesystem/Filesystem.php(70): file_put_contents('/Users/river/Wo...', '<?php\n\nuse Illu...', 0)
#2 /Users/river/Workspace/pay/vendor/laravel/framework/src/Illuminate/Foundation/Console/CommandMakeCommand.php(67): Illuminate\Filesystem\Filesystem->put('/Users/river/Wo...', '<?php\n\nuse Illu...')
#3 /Users/river/Workspace/pay/vendor/laravel/framework/src/Illuminate/Foundation/Console/CommandMakeCommand.php(53): Illuminate\Foundation\Console\CommandMakeCommand->writeCommand('/Users/river/Wo...', '<?php{{namespac...')
#4 /Users/river/Workspace/pay/vendor/laravel/framework/src/Illuminate/Console/Command.php(112): Illuminate\Foundation\Console\CommandMakeCommand->fire()
#5 /Users/river/Workspace/pay/vendor/symfony/console/Symfony/Component/Console/Command/Command.php(253): Illuminate\Console\Command->execute(Object(Symfony\Component\Console\Input\ArgvInput), Object(Symfony\Component\Console\Output\ConsoleOutput))
#6 /Users/river/Workspace/pay/vendor/laravel/framework/src/Illuminate/Console/Command.php(100): Symfony\Component\Console\Command\Command->run(Object(Symfony\Component\Console\Input\ArgvInput), Object(Symfony\Component\Console\Output\ConsoleOutput))
#7 /Users/river/Workspace/pay/vendor/symfony/console/Symfony/Component/Console/Application.php(889): Illuminate\Console\Command->run(Object(Symfony\Component\Console\Input\ArgvInput), Object(Symfony\Component\Console\Output\ConsoleOutput))
#8 /Users/river/Workspace/pay/vendor/symfony/console/Symfony/Component/Console/Application.php(193): Symfony\Component\Console\Application->doRunCommand(Object(Illuminate\Foundation\Console\CommandMakeCommand), Object(Symfony\Component\Console\Input\ArgvInput), Object(Symfony\Component\Console\Output\ConsoleOutput))
#9 /Users/river/Workspace/pay/vendor/symfony/console/Symfony/Component/Console/Application.php(124): Symfony\Component\Console\Application->doRun(Object(Symfony\Component\Console\Input\ArgvInput), Object(Symfony\Component\Console\Output\ConsoleOutput))
#10 /Users/river/Workspace/pay/artisan(59): Symfony\Component\Console\Application->run()
#11 {main} [] []
