2015-11-09 11:42:30
SERVER: {remote_addr: 127.0.0.1}
SERVICE: /trans/batch_trans
METHOD: GET
REQUEST: []
RESPONSE: {"is_success":"F","err_code":1003,"err_msg":"\u53c2\u6570\u9519\u8bef","timestamp":1447040550}

2015-11-09 11:43:22
SERVER: {remote_addr: 127.0.0.1}
SERVICE: /trans/batch_trans
METHOD: GET
REQUEST: []
RESPONSE: {"is_success":"F","err_code":1003,"err_msg":"\u53c2\u6570\u9519\u8bef","timestamp":1447040602}

2015-11-09 11:55:56
SERVER: {remote_addr: 127.0.0.1}
SERVICE: /trans/batch_trans
METHOD: GET
REQUEST: {"channel":"1"}
RESPONSE: {"is_success":"F","err_code":1000,"err_msg":"\u7cfb\u7edf\u9519\u8bef","timestamp":1447041356,"channel":"1","sign":"b9a31cc94cf6a337684b0592214be0e4"}

2015-11-09 11:55:57
SERVER: {remote_addr: 127.0.0.1}
SERVICE: /trans/batch_trans
METHOD: GET
REQUEST: {"channel":"1"}
RESPONSE: {"is_success":"F","err_code":1000,"err_msg":"\u7cfb\u7edf\u9519\u8bef","timestamp":1447041357,"channel":"1","sign":"eb7834d718b4fba10c8837e07cf09cab"}

2015-11-09 11:55:57
SERVER: {remote_addr: 127.0.0.1}
SERVICE: /trans/batch_trans
METHOD: GET
REQUEST: {"channel":"1"}
RESPONSE: {"is_success":"F","err_code":1000,"err_msg":"\u7cfb\u7edf\u9519\u8bef","timestamp":1447041357,"channel":"1","sign":"eb7834d718b4fba10c8837e07cf09cab"}

2015-11-09 11:55:58
SERVER: {remote_addr: 127.0.0.1}
SERVICE: /trans/batch_trans
METHOD: GET
REQUEST: {"channel":"1"}
RESPONSE: {"is_success":"F","err_code":1000,"err_msg":"\u7cfb\u7edf\u9519\u8bef","timestamp":1447041357,"channel":"1","sign":"eb7834d718b4fba10c8837e07cf09cab"}

2015-11-09 11:55:59
SERVER: {remote_addr: 127.0.0.1}
SERVICE: /trans/batch_trans
METHOD: GET
REQUEST: {"channel":"1"}
RESPONSE: {"is_success":"F","err_code":1000,"err_msg":"\u7cfb\u7edf\u9519\u8bef","timestamp":1447041359,"channel":"1","sign":"d96d916bde357a6dc221d9c449602926"}

2015-11-09 11:56:00
SERVER: {remote_addr: 127.0.0.1}
SERVICE: /trans/batch_trans
METHOD: GET
REQUEST: {"channel":"1"}
RESPONSE: {"is_success":"F","err_code":1000,"err_msg":"\u7cfb\u7edf\u9519\u8bef","timestamp":1447041360,"channel":"1","sign":"eb8e324435a2a09e341f1d764ff0ab9c"}

2015-11-09 11:56:01
SERVER: {remote_addr: 127.0.0.1}
SERVICE: /trans/batch_trans
METHOD: GET
REQUEST: {"channel":"1"}
RESPONSE: {"is_success":"F","err_code":1000,"err_msg":"\u7cfb\u7edf\u9519\u8bef","timestamp":1447041361,"channel":"1","sign":"e1ea1d7c9bf8034736a00a4f6765b6ba"}

2015-11-09 11:56:34
SERVER: {remote_addr: 127.0.0.1}
SERVICE: /trans/batch_trans
METHOD: GET
REQUEST: {"channel":"1"}
RESPONSE: {"is_success":"F","err_code":1000,"err_msg":"\u7cfb\u7edf\u9519\u8bef","timestamp":1447041394,"channel":"1","sign":"5678df876a26314bf3cd7d927d203df2"}

2015-11-09 11:56:36
SERVER: {remote_addr: 127.0.0.1}
SERVICE: /trans/batch_trans
METHOD: GET
REQUEST: {"channel":"1"}
RESPONSE: {"is_success":"F","err_code":1000,"err_msg":"\u7cfb\u7edf\u9519\u8bef","timestamp":1447041395,"channel":"1","sign":"643a813a8b9c722179378c3d532500c3"}

2015-11-09 11:56:48
SERVER: {remote_addr: 127.0.0.1}
SERVICE: /trans/batch_trans
METHOD: GET
REQUEST: {"channel":"1"}
RESPONSE: {"is_success":"F","err_code":1000,"err_msg":"\u7cfb\u7edf\u9519\u8bef","timestamp":1447041408,"channel":"1","sign":"f38f6cbc38f5c94d02bef90b33f7f34c"}

2015-11-09 11:57:27
SERVER: {remote_addr: 127.0.0.1}
SERVICE: /trans/batch_trans
METHOD: GET
REQUEST: {"channel":"1"}
RESPONSE: {"is_success":"F","err_code":1000,"err_msg":"\u7cfb\u7edf\u9519\u8bef","timestamp":1447041447,"channel":"1","sign":"444888345b14833495d60424ae693653"}

2015-11-09 11:58:14
SERVER: {remote_addr: 127.0.0.1}
SERVICE: /trans/batch_trans
METHOD: GET
REQUEST: {"channel":"1"}
RESPONSE: {"is_success":"F","err_code":1000,"err_msg":"\u7cfb\u7edf\u9519\u8bef","timestamp":1447041494,"channel":"1","sign":"7270be82eb38dc206d574bc0870a18e7"}

2015-11-09 12:01:48
SERVER: {remote_addr: 127.0.0.1}
SERVICE: /trans/batch_trans
METHOD: GET
REQUEST: {"channel":"1"}
RESPONSE: {"is_success":"F","err_code":2006,"err_msg":"\u83b7\u53d6hMac\u5931\u8d25!","timestamp":1447041708,"channel":"1","sign":"03ea91b503934f3072d71e8132439370"}

2015-11-09 12:27:04
SERVER: {remote_addr: 127.0.0.1}
SERVICE: /trans/batch_trans
METHOD: GET
REQUEST: {"channel":"1"}
RESPONSE: {"is_success":"F","err_code":2006,"err_msg":"\u83b7\u53d6hMac\u5931\u8d25!","timestamp":1447043224,"channel":"1","sign":"62e6a99f3901d785c3411d9cd8857482"}

