2015-11-07 11:19:05
SERVER: {remote_addr: 127.0.0.1}
SERVICE: /consume/direct_consume
METHOD: GET
REQUEST: {"user_id":"95","channel":"3","gateway":"1","busi_consume_no":"150626200727546354","consume_amount":"1","recharge_amount":"1","plat":"1","return_url":"http:\/\/test.gds.hugboga.com:8093\/order\/cfmpay?oid=150626200641546466","callback_url":"http:\/\/test.gds.hugboga.com:8093\/innerapi\/receivepay","subject":"\u7687\u5305\u8f66\u8ba2\u5355\u652f\u4ed8","ver":"1.0","time_stamp":"1435320886","sign":"abf08563740331640cdccbcfe659eb91"}
RESPONSE: {"is_success":"T","err_code":0,"err_msg":"","timestamp":1446866345,"pay_gateway_url":"https:\/\/mapi.alipay.com\/gateway.do?_input_charset=UTF-8&it_b_pay=15d&notify_url=http%3A%2F%2Ftest.pay.huangbaoche.com%2Fnotify%2Fdirect%2F1%2F1&out_trade_no=2015110711190517936900000000test&partner=2088611681636031&payment_type=1&return_url=http%3A%2F%2Ftest.pay.huangbaoche.com%2Freturn%2Fk1%2Fb1%2Fa2015110711190517936900000000test%2Fg1%2Fq1446866345%2F1ddcd9f4fc76e3f515080b8708ae21c0&seller_email=kateliu%40cclx.com&service=create_direct_pay_by_user&subject=%E7%9A%87%E5%8C%85%E8%BD%A6%E8%AE%A2%E5%8D%95%E6%94%AF%E4%BB%98&total_fee=0.01&sign=cfe6f605f7e622b19cb7f1a49ff373bc&sign_type=MD5","user_id":"95","pay_consume_id":"20151107111905179742","busi_consume_no":"150626200727546354","consume_amount":"1","channel":"3","sign":"ab1c298fe9bdd7e2c5ae87e33cdfddbc"}

2015-11-07 11:20:46
SERVER: {remote_addr: 127.0.0.1}
SERVICE: /consume/direct_consume
METHOD: GET
REQUEST: {"user_id":"95","channel":"3","gateway":"1","busi_consume_no":"150626200727546354","consume_amount":"1","recharge_amount":"1","plat":"1","return_url":"http:\/\/test.gds.hugboga.com:8093\/order\/cfmpay?oid=150626200641546466","callback_url":"http:\/\/test.gds.hugboga.com:8093\/innerapi\/receivepay","subject":"\u7687\u5305\u8f66\u8ba2\u5355\u652f\u4ed8","ver":"1.0","time_stamp":"1435320886","sign":"abf08563740331640cdccbcfe659eb91"}
RESPONSE: {"is_success":"T","err_code":0,"err_msg":"","timestamp":1446866445,"pay_gateway_url":"https:\/\/mapi.alipay.com\/gateway.do?_input_charset=UTF-8&it_b_pay=15d&notify_url=http%3A%2F%2Ftest.pay.huangbaoche.com%2Fnotify%2Fdirect%2F1%2F1&out_trade_no=2015110711204618178200000000test&partner=2088611681636031&payment_type=1&return_url=http%3A%2F%2Ftest.pay.huangbaoche.com%2Freturn%2Ff1%2Fi1%2Fr2015110711204618178200000000test%2Fq1%2Fg1446866446%2Faa8e286a0554aaa70b1183613bb47892&seller_email=kateliu%40cclx.com&service=create_direct_pay_by_user&subject=%E7%9A%87%E5%8C%85%E8%BD%A6%E8%AE%A2%E5%8D%95%E6%94%AF%E4%BB%98&total_fee=0.01&sign=2740ecf89f9becb6f5b8523abfe359c3&sign_type=MD5","user_id":"95","pay_consume_id":"20151107112046181488","busi_consume_no":"150626200727546354","consume_amount":"1","channel":"3","sign":"544f9614d86421c5e750a63a964ead95"}

2015-11-07 11:20:47
SERVER: {remote_addr: 127.0.0.1}
SERVICE: /consume/direct_consume
METHOD: GET
REQUEST: {"user_id":"95","channel":"3","gateway":"1","busi_consume_no":"150626200727546354","consume_amount":"1","recharge_amount":"1","plat":"1","return_url":"http:\/\/test.gds.hugboga.com:8093\/order\/cfmpay?oid=150626200641546466","callback_url":"http:\/\/test.gds.hugboga.com:8093\/innerapi\/receivepay","subject":"\u7687\u5305\u8f66\u8ba2\u5355\u652f\u4ed8","ver":"1.0","time_stamp":"1435320886","sign":"abf08563740331640cdccbcfe659eb91"}
RESPONSE: {"is_success":"T","err_code":0,"err_msg":"","timestamp":1446866447,"pay_gateway_url":"https:\/\/mapi.alipay.com\/gateway.do?_input_charset=UTF-8&it_b_pay=15d&notify_url=http%3A%2F%2Ftest.pay.huangbaoche.com%2Fnotify%2Fdirect%2F1%2F1&out_trade_no=2015110711204718191700000000test&partner=2088611681636031&payment_type=1&return_url=http%3A%2F%2Ftest.pay.huangbaoche.com%2Freturn%2Fo1%2Fa1%2Fq2015110711204718191700000000test%2Fr1%2Fd1446866447%2Fa753515f472d123771ca698d6751fa16&seller_email=kateliu%40cclx.com&service=create_direct_pay_by_user&subject=%E7%9A%87%E5%8C%85%E8%BD%A6%E8%AE%A2%E5%8D%95%E6%94%AF%E4%BB%98&total_fee=0.01&sign=779df45e041bbf28e682dbea6b9764a2&sign_type=MD5","user_id":"95","pay_consume_id":"20151107112047181457","busi_consume_no":"150626200727546354","consume_amount":"1","channel":"3","sign":"17f73adb5cbc08a37279e27aa9d417d8"}

2015-11-07 11:23:02
SERVER: {remote_addr: 127.0.0.1}
SERVICE: /consume/direct_consume
METHOD: GET
REQUEST: {"user_id":"95","channel":"3","gateway":"1","busi_consume_no":"150626200727546354","consume_amount":"1","recharge_amount":"1","plat":"1","return_url":"http:\/\/test.gds.hugboga.com:8093\/order\/cfmpay?oid=150626200641546466","callback_url":"http:\/\/test.gds.hugboga.com:8093\/innerapi\/receivepay","subject":"\u7687\u5305\u8f66\u8ba2\u5355\u652f\u4ed8","ver":"1.0","time_stamp":"1435320886","sign":"abf08563740331640cdccbcfe659eb91"}
RESPONSE: {"is_success":"T","err_code":0,"err_msg":"","timestamp":1446866582,"pay_gateway_url":"https:\/\/mapi.alipay.com\/gateway.do?_input_charset=UTF-8&it_b_pay=15d&notify_url=http%3A%2F%2Ftest.pay.huangbaoche.com%2Fnotify%2Fdirect%2F1%2F1&out_trade_no=2015110711230218258300000000test&partner=2088611681636031&payment_type=1&return_url=http%3A%2F%2Ftest.pay.huangbaoche.com%2Freturn%2Fm1%2Fq1%2Fc2015110711230218258300000000test%2Fg1%2Fn1446866582%2Ffb8fe78339ac95d1d5ed10533bd72eff&seller_email=kateliu%40cclx.com&service=create_direct_pay_by_user&subject=%E7%9A%87%E5%8C%85%E8%BD%A6%E8%AE%A2%E5%8D%95%E6%94%AF%E4%BB%98&total_fee=0.01&sign=37e9e75f57ba5d8f31c9eba1bb198b93&sign_type=MD5","user_id":"95","pay_consume_id":"20151107112302182684","busi_consume_no":"150626200727546354","consume_amount":"1","channel":"3","sign":"6bb2c3eb6b2662d571369b00f4d76b75"}

2015-11-07 11:23:02
SERVER: {remote_addr: 127.0.0.1}
SERVICE: /consume/direct_consume
METHOD: GET
REQUEST: {"user_id":"95","channel":"3","gateway":"1","busi_consume_no":"150626200727546354","consume_amount":"1","recharge_amount":"1","plat":"1","return_url":"http:\/\/test.gds.hugboga.com:8093\/order\/cfmpay?oid=150626200641546466","callback_url":"http:\/\/test.gds.hugboga.com:8093\/innerapi\/receivepay","subject":"\u7687\u5305\u8f66\u8ba2\u5355\u652f\u4ed8","ver":"1.0","time_stamp":"1435320886","sign":"abf08563740331640cdccbcfe659eb91"}
RESPONSE: {"is_success":"T","err_code":0,"err_msg":"","timestamp":1446866582,"pay_gateway_url":"https:\/\/mapi.alipay.com\/gateway.do?_input_charset=UTF-8&it_b_pay=15d&notify_url=http%3A%2F%2Ftest.pay.huangbaoche.com%2Fnotify%2Fdirect%2F1%2F1&out_trade_no=2015110711230218284700000000test&partner=2088611681636031&payment_type=1&return_url=http%3A%2F%2Ftest.pay.huangbaoche.com%2Freturn%2Fa1%2Fc1%2Fn2015110711230218284700000000test%2Fr1%2Fh1446866582%2F328d390d5ebfbc286f7194aab2964788&seller_email=kateliu%40cclx.com&service=create_direct_pay_by_user&subject=%E7%9A%87%E5%8C%85%E8%BD%A6%E8%AE%A2%E5%8D%95%E6%94%AF%E4%BB%98&total_fee=0.01&sign=7e740d93179f1876d5ad9d1be9210c4e&sign_type=MD5","user_id":"95","pay_consume_id":"20151107112302182380","busi_consume_no":"150626200727546354","consume_amount":"1","channel":"3","sign":"662cb4c39d70141dc4bd983193541c97"}

2015-11-07 11:23:02
SERVER: {remote_addr: 127.0.0.1}
SERVICE: /consume/direct_consume
METHOD: GET
REQUEST: {"user_id":"95","channel":"3","gateway":"1","busi_consume_no":"150626200727546354","consume_amount":"1","recharge_amount":"1","plat":"1","return_url":"http:\/\/test.gds.hugboga.com:8093\/order\/cfmpay?oid=150626200641546466","callback_url":"http:\/\/test.gds.hugboga.com:8093\/innerapi\/receivepay","subject":"\u7687\u5305\u8f66\u8ba2\u5355\u652f\u4ed8","ver":"1.0","time_stamp":"1435320886","sign":"abf08563740331640cdccbcfe659eb91"}
RESPONSE: {"is_success":"T","err_code":0,"err_msg":"","timestamp":1446866582,"pay_gateway_url":"https:\/\/mapi.alipay.com\/gateway.do?_input_charset=UTF-8&it_b_pay=15d&notify_url=http%3A%2F%2Ftest.pay.huangbaoche.com%2Fnotify%2Fdirect%2F1%2F1&out_trade_no=2015110711230218246000000000test&partner=2088611681636031&payment_type=1&return_url=http%3A%2F%2Ftest.pay.huangbaoche.com%2Freturn%2Fd1%2Fq1%2Fj2015110711230218246000000000test%2Fp1%2Fl1446866582%2F1e6bb71705b5e100fb04ad9ea456e6aa&seller_email=kateliu%40cclx.com&service=create_direct_pay_by_user&subject=%E7%9A%87%E5%8C%85%E8%BD%A6%E8%AE%A2%E5%8D%95%E6%94%AF%E4%BB%98&total_fee=0.01&sign=59effe4930965ecb15ca57b9b444ea1d&sign_type=MD5","user_id":"95","pay_consume_id":"20151107112302182823","busi_consume_no":"150626200727546354","consume_amount":"1","channel":"3","sign":"3558c6fbb1a7800ed29e416323b6d5fc"}

2015-11-07 11:23:02
SERVER: {remote_addr: 127.0.0.1}
SERVICE: /consume/direct_consume
METHOD: GET
REQUEST: {"user_id":"95","channel":"3","gateway":"1","busi_consume_no":"150626200727546354","consume_amount":"1","recharge_amount":"1","plat":"1","return_url":"http:\/\/test.gds.hugboga.com:8093\/order\/cfmpay?oid=150626200641546466","callback_url":"http:\/\/test.gds.hugboga.com:8093\/innerapi\/receivepay","subject":"\u7687\u5305\u8f66\u8ba2\u5355\u652f\u4ed8","ver":"1.0","time_stamp":"1435320886","sign":"abf08563740331640cdccbcfe659eb91"}
RESPONSE: {"is_success":"T","err_code":0,"err_msg":"","timestamp":1446866582,"pay_gateway_url":"https:\/\/mapi.alipay.com\/gateway.do?_input_charset=UTF-8&it_b_pay=15d&notify_url=http%3A%2F%2Ftest.pay.huangbaoche.com%2Fnotify%2Fdirect%2F1%2F1&out_trade_no=2015110711230218221700000000test&partner=2088611681636031&payment_type=1&return_url=http%3A%2F%2Ftest.pay.huangbaoche.com%2Freturn%2Fs1%2Fc1%2Fo2015110711230218221700000000test%2Fl1%2Fo1446866582%2F2041dd29ccdc7ca37df89013c7d37fe6&seller_email=kateliu%40cclx.com&service=create_direct_pay_by_user&subject=%E7%9A%87%E5%8C%85%E8%BD%A6%E8%AE%A2%E5%8D%95%E6%94%AF%E4%BB%98&total_fee=0.01&sign=d3a884f75dec4d2013b924053f0a02c5&sign_type=MD5","user_id":"95","pay_consume_id":"20151107112302182237","busi_consume_no":"150626200727546354","consume_amount":"1","channel":"3","sign":"a0aa86e0df5aaab1961d94bff932baae"}

2015-11-07 11:23:02
SERVER: {remote_addr: 127.0.0.1}
SERVICE: /consume/direct_consume
METHOD: GET
REQUEST: {"user_id":"95","channel":"3","gateway":"1","busi_consume_no":"150626200727546354","consume_amount":"1","recharge_amount":"1","plat":"1","return_url":"http:\/\/test.gds.hugboga.com:8093\/order\/cfmpay?oid=150626200641546466","callback_url":"http:\/\/test.gds.hugboga.com:8093\/innerapi\/receivepay","subject":"\u7687\u5305\u8f66\u8ba2\u5355\u652f\u4ed8","ver":"1.0","time_stamp":"1435320886","sign":"abf08563740331640cdccbcfe659eb91"}
RESPONSE: {"is_success":"T","err_code":0,"err_msg":"","timestamp":1446866582,"pay_gateway_url":"https:\/\/mapi.alipay.com\/gateway.do?_input_charset=UTF-8&it_b_pay=15d&notify_url=http%3A%2F%2Ftest.pay.huangbaoche.com%2Fnotify%2Fdirect%2F1%2F1&out_trade_no=2015110711230218230000000000test&partner=2088611681636031&payment_type=1&return_url=http%3A%2F%2Ftest.pay.huangbaoche.com%2Freturn%2Fi1%2Ft1%2Fb2015110711230218230000000000test%2Fe1%2Fh1446866582%2Fbba8d7d687fb7b0e1b06f7446e57f2a8&seller_email=kateliu%40cclx.com&service=create_direct_pay_by_user&subject=%E7%9A%87%E5%8C%85%E8%BD%A6%E8%AE%A2%E5%8D%95%E6%94%AF%E4%BB%98&total_fee=0.01&sign=6593423f42490ef406c27d41ea98804c&sign_type=MD5","user_id":"95","pay_consume_id":"20151107112302182630","busi_consume_no":"150626200727546354","consume_amount":"1","channel":"3","sign":"70bab43364bd5d8abbddc36ab910efe0"}

2015-11-07 11:23:33
SERVER: {remote_addr: 127.0.0.1}
SERVICE: /consume/direct_consume
METHOD: GET
REQUEST: {"user_id":"95","channel":"3","gateway":"1","busi_consume_no":"150626200727546354","consume_amount":"1","recharge_amount":"1","plat":"1","return_url":"http:\/\/test.gds.hugboga.com:8093\/order\/cfmpay?oid=150626200641546466","callback_url":"http:\/\/test.gds.hugboga.com:8093\/innerapi\/receivepay","subject":"\u7687\u5305\u8f66\u8ba2\u5355\u652f\u4ed8","ver":"1.0","time_stamp":"1435320886","sign":"abf08563740331640cdccbcfe659eb91"}
RESPONSE: {"is_success":"T","err_code":0,"err_msg":"","timestamp":1446866613,"pay_gateway_url":"https:\/\/mapi.alipay.com\/gateway.do?_input_charset=UTF-8&it_b_pay=15d&notify_url=http%3A%2F%2Ftest.pay.huangbaoche.com%2Fnotify%2Fdirect%2F1%2F1&out_trade_no=2015110711233318331900000000test&partner=2088611681636031&payment_type=1&return_url=http%3A%2F%2Ftest.pay.huangbaoche.com%2Freturn%2Fn1%2Fo1%2Fc2015110711233318331900000000test%2Ft1%2Fb1446866613%2F4200e6bbd315d6469e2c5a43bddd2fa0&seller_email=kateliu%40cclx.com&service=create_direct_pay_by_user&subject=%E7%9A%87%E5%8C%85%E8%BD%A6%E8%AE%A2%E5%8D%95%E6%94%AF%E4%BB%98&total_fee=0.01&sign=fe380cfc920a53291a73808348c354be&sign_type=MD5","user_id":"95","pay_consume_id":"20151107112333183954","busi_consume_no":"150626200727546354","consume_amount":"1","channel":"3","sign":"168d5315ef1eae308dcfc93e81739fc5"}

2015-11-07 11:23:35
SERVER: {remote_addr: 127.0.0.1}
SERVICE: /consume/direct_consume
METHOD: GET
REQUEST: {"user_id":"95","channel":"3","gateway":"1","busi_consume_no":"150626200727546354","consume_amount":"1","recharge_amount":"1","plat":"1","return_url":"http:\/\/test.gds.hugboga.com:8093\/order\/cfmpay?oid=150626200641546466","callback_url":"http:\/\/test.gds.hugboga.com:8093\/innerapi\/receivepay","subject":"\u7687\u5305\u8f66\u8ba2\u5355\u652f\u4ed8","ver":"1.0","time_stamp":"1435320886","sign":"abf08563740331640cdccbcfe659eb91"}
RESPONSE: {"is_success":"T","err_code":0,"err_msg":"","timestamp":1446866615,"pay_gateway_url":"https:\/\/mapi.alipay.com\/gateway.do?_input_charset=UTF-8&it_b_pay=15d&notify_url=http%3A%2F%2Ftest.pay.huangbaoche.com%2Fnotify%2Fdirect%2F1%2F1&out_trade_no=2015110711233518361500000000test&partner=2088611681636031&payment_type=1&return_url=http%3A%2F%2Ftest.pay.huangbaoche.com%2Freturn%2Fs1%2Fa1%2Fe2015110711233518361500000000test%2Fq1%2Fr1446866615%2Ff910227c5ef2407bba6f38e7714c9073&seller_email=kateliu%40cclx.com&service=create_direct_pay_by_user&subject=%E7%9A%87%E5%8C%85%E8%BD%A6%E8%AE%A2%E5%8D%95%E6%94%AF%E4%BB%98&total_fee=0.01&sign=fd07659c328e8219dec69b28448a663c&sign_type=MD5","user_id":"95","pay_consume_id":"20151107112335183277","busi_consume_no":"150626200727546354","consume_amount":"1","channel":"3","sign":"3eba027101e19668d3b508ab2d07c5a9"}

2015-11-07 11:24:50
SERVER: {remote_addr: 127.0.0.1}
SERVICE: /consume/direct_consume
METHOD: GET
REQUEST: {"user_id":"95","channel":"3","gateway":"1","busi_consume_no":"150626200727546354","consume_amount":"1","recharge_amount":"1","plat":"1","return_url":"http:\/\/test.gds.hugboga.com:8093\/order\/cfmpay?oid=150626200641546466","callback_url":"http:\/\/test.gds.hugboga.com:8093\/innerapi\/receivepay","subject":"\u7687\u5305\u8f66\u8ba2\u5355\u652f\u4ed8","ver":"1.0","time_stamp":"1435320886","sign":"abf08563740331640cdccbcfe659eb91"}
RESPONSE: {"is_success":"T","err_code":0,"err_msg":"","timestamp":1446866690,"pay_gateway_url":"https:\/\/mapi.alipay.com\/gateway.do?_input_charset=UTF-8&it_b_pay=15d&notify_url=http%3A%2F%2Ftest.pay.huangbaoche.com%2Fnotify%2Fdirect%2F1%2F1&out_trade_no=2015110711245018324200000000test&partner=2088611681636031&payment_type=1&return_url=http%3A%2F%2Ftest.pay.huangbaoche.com%2Freturn%2Fr1%2Fk1%2Fj2015110711245018324200000000test%2Fn1%2Fm1446866690%2Fbca0ae04696d939337decf20e3427a2f&seller_email=kateliu%40cclx.com&service=create_direct_pay_by_user&subject=%E7%9A%87%E5%8C%85%E8%BD%A6%E8%AE%A2%E5%8D%95%E6%94%AF%E4%BB%98&total_fee=0.01&sign=ac35d32b32cde0f614f5513beeca4547&sign_type=MD5","user_id":"95","pay_consume_id":"20151107112450183434","busi_consume_no":"150626200727546354","consume_amount":"1","channel":"3","sign":"0bc25d4344db64d5967fe8e78479e880"}

2015-11-07 11:24:56
SERVER: {remote_addr: 127.0.0.1}
SERVICE: /consume/direct_consume
METHOD: GET
REQUEST: {"user_id":"95","channel":"3","gateway":"1","busi_consume_no":"150626200727546354","consume_amount":"1","recharge_amount":"1","plat":"1","return_url":"http:\/\/test.gds.hugboga.com:8093\/order\/cfmpay?oid=150626200641546466","callback_url":"http:\/\/test.gds.hugboga.com:8093\/innerapi\/receivepay","subject":"\u7687\u5305\u8f66\u8ba2\u5355\u652f\u4ed8","ver":"1.0","time_stamp":"1435320886","sign":"abf08563740331640cdccbcfe659eb91"}
RESPONSE: {"is_success":"T","err_code":0,"err_msg":"","timestamp":1446866695,"pay_gateway_url":"https:\/\/mapi.alipay.com\/gateway.do?_input_charset=UTF-8&it_b_pay=15d&notify_url=http%3A%2F%2Ftest.pay.huangbaoche.com%2Fnotify%2Fdirect%2F1%2F1&out_trade_no=2015110711245618369700000000test&partner=2088611681636031&payment_type=1&return_url=http%3A%2F%2Ftest.pay.huangbaoche.com%2Freturn%2Fk1%2Fg1%2Fa2015110711245618369700000000test%2Fj1%2Fh1446866696%2F0fac543c62070a5d31fc20daab7fdd53&seller_email=kateliu%40cclx.com&service=create_direct_pay_by_user&subject=%E7%9A%87%E5%8C%85%E8%BD%A6%E8%AE%A2%E5%8D%95%E6%94%AF%E4%BB%98&total_fee=0.01&sign=b7b12429013851bd94bf0958bbfa8112&sign_type=MD5","user_id":"95","pay_consume_id":"20151107112456183280","busi_consume_no":"150626200727546354","consume_amount":"1","channel":"3","sign":"f19aee560eacebeabc4d5b247fef11df"}

2015-11-07 11:25:00
SERVER: {remote_addr: 127.0.0.1}
SERVICE: /consume/direct_consume
METHOD: GET
REQUEST: {"user_id":"95","channel":"3","gateway":"1","busi_consume_no":"150626200727546354","consume_amount":"1","recharge_amount":"1","plat":"1","return_url":"http:\/\/test.gds.hugboga.com:8093\/order\/cfmpay?oid=150626200641546466","callback_url":"http:\/\/test.gds.hugboga.com:8093\/innerapi\/receivepay","subject":"\u7687\u5305\u8f66\u8ba2\u5355\u652f\u4ed8","ver":"1.0","time_stamp":"1435320886","sign":"abf08563740331640cdccbcfe659eb91"}
RESPONSE: {"is_success":"T","err_code":0,"err_msg":"","timestamp":1446866700,"pay_gateway_url":"https:\/\/mapi.alipay.com\/gateway.do?_input_charset=UTF-8&it_b_pay=15d&notify_url=http%3A%2F%2Ftest.pay.huangbaoche.com%2Fnotify%2Fdirect%2F1%2F1&out_trade_no=2015110711250018487000000000test&partner=2088611681636031&payment_type=1&return_url=http%3A%2F%2Ftest.pay.huangbaoche.com%2Freturn%2Fe1%2Fb1%2Fr2015110711250018487000000000test%2Fa1%2Ft1446866700%2F604d1daad77443dffcc356982a167741&seller_email=kateliu%40cclx.com&service=create_direct_pay_by_user&subject=%E7%9A%87%E5%8C%85%E8%BD%A6%E8%AE%A2%E5%8D%95%E6%94%AF%E4%BB%98&total_fee=0.01&sign=3d62ac7351eb9a7776b0cf3e76945cc4&sign_type=MD5","user_id":"95","pay_consume_id":"20151107112500184729","busi_consume_no":"150626200727546354","consume_amount":"1","channel":"3","sign":"59a21549fa85541ec1ad4cf11c86ac95"}

2015-11-07 11:25:02
SERVER: {remote_addr: 127.0.0.1}
SERVICE: /consume/direct_consume
METHOD: GET
REQUEST: {"user_id":"95","channel":"3","gateway":"1","busi_consume_no":"150626200727546354","consume_amount":"1","recharge_amount":"1","plat":"1","return_url":"http:\/\/test.gds.hugboga.com:8093\/order\/cfmpay?oid=150626200641546466","callback_url":"http:\/\/test.gds.hugboga.com:8093\/innerapi\/receivepay","subject":"\u7687\u5305\u8f66\u8ba2\u5355\u652f\u4ed8","ver":"1.0","time_stamp":"1435320886","sign":"abf08563740331640cdccbcfe659eb91"}
RESPONSE: {"is_success":"T","err_code":0,"err_msg":"","timestamp":1446866702,"pay_gateway_url":"https:\/\/mapi.alipay.com\/gateway.do?_input_charset=UTF-8&it_b_pay=15d&notify_url=http%3A%2F%2Ftest.pay.huangbaoche.com%2Fnotify%2Fdirect%2F1%2F1&out_trade_no=2015110711250218411700000000test&partner=2088611681636031&payment_type=1&return_url=http%3A%2F%2Ftest.pay.huangbaoche.com%2Freturn%2Fi1%2Ff1%2Fg2015110711250218411700000000test%2Fm1%2Fb1446866702%2F9a5e88d988253aaac79c44fa23a9f2a0&seller_email=kateliu%40cclx.com&service=create_direct_pay_by_user&subject=%E7%9A%87%E5%8C%85%E8%BD%A6%E8%AE%A2%E5%8D%95%E6%94%AF%E4%BB%98&total_fee=0.01&sign=8bede280c315f80dfe5ab2da9e1be491&sign_type=MD5","user_id":"95","pay_consume_id":"20151107112502184839","busi_consume_no":"150626200727546354","consume_amount":"1","channel":"3","sign":"be61a66b54551282e0977fb14347d559"}

2015-11-07 11:28:13
SERVER: {remote_addr: 127.0.0.1}
SERVICE: /consume/direct_consume
METHOD: GET
REQUEST: {"user_id":"95","channel":"3","gateway":"1","busi_consume_no":"150626200727546354","consume_amount":"1","recharge_amount":"1","plat":"1","return_url":"http:\/\/test.gds.hugboga.com:8093\/order\/cfmpay?oid=150626200641546466","callback_url":"http:\/\/test.gds.hugboga.com:8093\/innerapi\/receivepay","subject":"\u7687\u5305\u8f66\u8ba2\u5355\u652f\u4ed8","ver":"1.0","time_stamp":"1435320886","sign":"abf08563740331640cdccbcfe659eb91"}
RESPONSE: {"is_success":"T","err_code":0,"err_msg":"","timestamp":1446866893,"pay_gateway_url":"https:\/\/mapi.alipay.com\/gateway.do?_input_charset=UTF-8&it_b_pay=15d&notify_url=http%3A%2F%2Ftest.pay.huangbaoche.com%2Fnotify%2Fdirect%2F1%2F1&out_trade_no=2015110711281318658900000000test&partner=2088611681636031&payment_type=1&return_url=http%3A%2F%2Ftest.pay.huangbaoche.com%2Freturn%2Fj1%2Ft1%2Ft2015110711281318658900000000test%2Fb1%2Fc1446866893%2F5f5f67c012e624e5cfa90822384f8e2a&seller_email=kateliu%40cclx.com&service=create_direct_pay_by_user&subject=%E7%9A%87%E5%8C%85%E8%BD%A6%E8%AE%A2%E5%8D%95%E6%94%AF%E4%BB%98&total_fee=0.01&sign=9dafd2eb6691da02664b43277aead0ed&sign_type=MD5","user_id":"95","pay_consume_id":"20151107112813186975","busi_consume_no":"150626200727546354","consume_amount":"1","channel":"3","sign":"09c683d8f62c99bcadc85c173dec24d2"}

